{"/Users/pixari/Projects/personal/vue-i18n-extract/src/api.js": {"path":"/Users/pixari/Projects/personal/vue-i18n-extract/src/api.js","statementMap":{"0":{"start":{"line":1,"column":12},"end":{"line":1,"column":28}},"1":{"start":{"line":3,"column":0},"end":{"line":11,"column":2}},"2":{"start":{"line":5,"column":4},"end":{"line":9,"column":6}}},"fnMap":{"0":{"name":"(anonymous_0)","decl":{"start":{"line":4,"column":2},"end":{"line":4,"column":3}},"loc":{"start":{"line":4,"column":8},"end":{"line":10,"column":3}},"line":4}},"branchMap":{},"s":{"0":0,"1":0,"2":0},"f":{"0":0},"b":{}}
,"/Users/pixari/Projects/personal/vue-i18n-extract/src/lib.js": {"path":"/Users/pixari/Projects/personal/vue-i18n-extract/src/lib.js","statementMap":{"0":{"start":{"line":2,"column":0},"end":{"line":2,"column":33}},"1":{"start":{"line":5,"column":11},"end":{"line":5,"column":24}},"2":{"start":{"line":6,"column":13},"end":{"line":6,"column":28}},"3":{"start":{"line":7,"column":16},"end":{"line":7,"column":40}},"4":{"start":{"line":8,"column":14},"end":{"line":8,"column":30}},"5":{"start":{"line":9,"column":12},"end":{"line":9,"column":33}},"6":{"start":{"line":10,"column":14},"end":{"line":10,"column":30}},"7":{"start":{"line":11,"column":14},"end":{"line":11,"column":36}},"8":{"start":{"line":12,"column":18},"end":{"line":12,"column":41}},"9":{"start":{"line":13,"column":18},"end":{"line":13,"column":45}},"10":{"start":{"line":14,"column":17},"end":{"line":14,"column":37}},"11":{"start":{"line":15,"column":14},"end":{"line":15,"column":30}},"12":{"start":{"line":16,"column":14},"end":{"line":16,"column":35}},"13":{"start":{"line":17,"column":20},"end":{"line":17,"column":44}},"14":{"start":{"line":19,"column":0},"end":{"line":152,"column":2}},"15":{"start":{"line":21,"column":18},"end":{"line":30,"column":6}},"16":{"start":{"line":32,"column":21},"end":{"line":32,"column":57}},"17":{"start":{"line":34,"column":16},"end":{"line":34,"column":17}},"18":{"start":{"line":35,"column":4},"end":{"line":38,"column":7}},"19":{"start":{"line":36,"column":6},"end":{"line":36,"column":39}},"20":{"start":{"line":37,"column":6},"end":{"line":37,"column":17}},"21":{"start":{"line":40,"column":4},"end":{"line":40,"column":34}},"22":{"start":{"line":45,"column":4},"end":{"line":47,"column":5}},"23":{"start":{"line":46,"column":6},"end":{"line":46,"column":66}},"24":{"start":{"line":48,"column":24},"end":{"line":48,"column":38}},"25":{"start":{"line":49,"column":4},"end":{"line":49,"column":101}},"26":{"start":{"line":49,"column":32},"end":{"line":49,"column":99}},"27":{"start":{"line":53,"column":24},"end":{"line":53,"column":38}},"28":{"start":{"line":55,"column":4},"end":{"line":60,"column":7}},"29":{"start":{"line":56,"column":24},"end":{"line":56,"column":28}},"30":{"start":{"line":57,"column":25},"end":{"line":57,"column":43}},"31":{"start":{"line":58,"column":35},"end":{"line":58,"column":45}},"32":{"start":{"line":59,"column":6},"end":{"line":59,"column":62}},"33":{"start":{"line":65,"column":16},"end":{"line":65,"column":18}},"34":{"start":{"line":66,"column":4},"end":{"line":68,"column":7}},"35":{"start":{"line":67,"column":6},"end":{"line":67,"column":19}},"36":{"start":{"line":69,"column":4},"end":{"line":69,"column":27}},"37":{"start":{"line":73,"column":20},"end":{"line":73,"column":22}},"38":{"start":{"line":74,"column":4},"end":{"line":103,"column":7}},"39":{"start":{"line":75,"column":6},"end":{"line":102,"column":9}},"40":{"start":{"line":76,"column":8},"end":{"line":94,"column":11}},"41":{"start":{"line":77,"column":10},"end":{"line":92,"column":11}},"42":{"start":{"line":78,"column":12},"end":{"line":91,"column":15}},"43":{"start":{"line":79,"column":29},"end":{"line":79,"column":30}},"44":{"start":{"line":80,"column":14},"end":{"line":80,"column":59}},"45":{"start":{"line":81,"column":14},"end":{"line":81,"column":58}},"46":{"start":{"line":82,"column":14},"end":{"line":82,"column":58}},"47":{"start":{"line":83,"column":14},"end":{"line":83,"column":59}},"48":{"start":{"line":84,"column":14},"end":{"line":84,"column":55}},"49":{"start":{"line":85,"column":14},"end":{"line":85,"column":54}},"50":{"start":{"line":86,"column":14},"end":{"line":90,"column":17}},"51":{"start":{"line":93,"column":10},"end":{"line":93,"column":21}},"52":{"start":{"line":96,"column":8},"end":{"line":100,"column":9}},"53":{"start":{"line":98,"column":10},"end":{"line":98,"column":27}},"54":{"start":{"line":101,"column":8},"end":{"line":101,"column":25}},"55":{"start":{"line":107,"column":4},"end":{"line":113,"column":11}},"56":{"start":{"line":108,"column":6},"end":{"line":110,"column":7}},"57":{"start":{"line":109,"column":8},"end":{"line":109,"column":49}},"58":{"start":{"line":111,"column":19},"end":{"line":111,"column":49}},"59":{"start":{"line":112,"column":6},"end":{"line":112,"column":39}},"60":{"start":{"line":117,"column":4},"end":{"line":119,"column":5}},"61":{"start":{"line":118,"column":6},"end":{"line":118,"column":17}},"62":{"start":{"line":120,"column":4},"end":{"line":122,"column":5}},"63":{"start":{"line":121,"column":6},"end":{"line":121,"column":21}},"64":{"start":{"line":123,"column":4},"end":{"line":129,"column":11}},"65":{"start":{"line":124,"column":6},"end":{"line":127,"column":7}},"66":{"start":{"line":125,"column":25},"end":{"line":125,"column":55}},"67":{"start":{"line":126,"column":8},"end":{"line":126,"column":37}},"68":{"start":{"line":128,"column":6},"end":{"line":128,"column":39}},"69":{"start":{"line":133,"column":19},"end":{"line":133,"column":78}},"70":{"start":{"line":134,"column":17},"end":{"line":134,"column":75}},"71":{"start":{"line":134,"column":60},"end":{"line":134,"column":74}},"72":{"start":{"line":136,"column":25},"end":{"line":136,"column":27}},"73":{"start":{"line":137,"column":4},"end":{"line":144,"column":7}},"74":{"start":{"line":138,"column":19},"end":{"line":138,"column":50}},"75":{"start":{"line":139,"column":6},"end":{"line":143,"column":7}},"76":{"start":{"line":140,"column":8},"end":{"line":140,"column":35}},"77":{"start":{"line":142,"column":8},"end":{"line":142,"column":32}},"78":{"start":{"line":145,"column":4},"end":{"line":150,"column":6}}},"fnMap":{"0":{"name":"(anonymous_0)","decl":{"start":{"line":20,"column":2},"end":{"line":20,"column":3}},"loc":{"start":{"line":20,"column":21},"end":{"line":42,"column":3}},"line":20},"1":{"name":"(anonymous_1)","decl":{"start":{"line":35,"column":24},"end":{"line":35,"column":25}},"loc":{"start":{"line":35,"column":31},"end":{"line":38,"column":5}},"line":35},"2":{"name":"(anonymous_2)","decl":{"start":{"line":44,"column":2},"end":{"line":44,"column":3}},"loc":{"start":{"line":44,"column":20},"end":{"line":50,"column":3}},"line":44},"3":{"name":"(anonymous_3)","decl":{"start":{"line":49,"column":27},"end":{"line":49,"column":28}},"loc":{"start":{"line":49,"column":32},"end":{"line":49,"column":99}},"line":49},"4":{"name":"(anonymous_4)","decl":{"start":{"line":52,"column":2},"end":{"line":52,"column":3}},"loc":{"start":{"line":52,"column":21},"end":{"line":62,"column":3}},"line":52},"5":{"name":"(anonymous_5)","decl":{"start":{"line":55,"column":27},"end":{"line":55,"column":28}},"loc":{"start":{"line":55,"column":34},"end":{"line":60,"column":5}},"line":55},"6":{"name":"(anonymous_6)","decl":{"start":{"line":64,"column":2},"end":{"line":64,"column":3}},"loc":{"start":{"line":64,"column":30},"end":{"line":70,"column":3}},"line":64},"7":{"name":"(anonymous_7)","decl":{"start":{"line":66,"column":20},"end":{"line":66,"column":21}},"loc":{"start":{"line":66,"column":28},"end":{"line":68,"column":5}},"line":66},"8":{"name":"(anonymous_8)","decl":{"start":{"line":72,"column":2},"end":{"line":72,"column":3}},"loc":{"start":{"line":72,"column":41},"end":{"line":104,"column":3}},"line":72},"9":{"name":"(anonymous_9)","decl":{"start":{"line":74,"column":23},"end":{"line":74,"column":24}},"loc":{"start":{"line":74,"column":36},"end":{"line":103,"column":5}},"line":74},"10":{"name":"(anonymous_10)","decl":{"start":{"line":75,"column":34},"end":{"line":75,"column":35}},"loc":{"start":{"line":75,"column":54},"end":{"line":95,"column":7}},"line":75},"11":{"name":"(anonymous_11)","decl":{"start":{"line":76,"column":67},"end":{"line":76,"column":68}},"loc":{"start":{"line":76,"column":76},"end":{"line":94,"column":9}},"line":76},"12":{"name":"(anonymous_12)","decl":{"start":{"line":78,"column":24},"end":{"line":78,"column":25}},"loc":{"start":{"line":78,"column":31},"end":{"line":91,"column":13}},"line":78},"13":{"name":"(anonymous_13)","decl":{"start":{"line":95,"column":9},"end":{"line":95,"column":10}},"loc":{"start":{"line":95,"column":18},"end":{"line":102,"column":7}},"line":95},"14":{"name":"(anonymous_14)","decl":{"start":{"line":106,"column":2},"end":{"line":106,"column":3}},"loc":{"start":{"line":106,"column":16},"end":{"line":114,"column":3}},"line":106},"15":{"name":"(anonymous_15)","decl":{"start":{"line":107,"column":38},"end":{"line":107,"column":39}},"loc":{"start":{"line":107,"column":69},"end":{"line":113,"column":5}},"line":107},"16":{"name":"(anonymous_16)","decl":{"start":{"line":116,"column":2},"end":{"line":116,"column":3}},"loc":{"start":{"line":116,"column":31},"end":{"line":130,"column":3}},"line":116},"17":{"name":"(anonymous_17)","decl":{"start":{"line":123,"column":42},"end":{"line":123,"column":43}},"loc":{"start":{"line":123,"column":65},"end":{"line":129,"column":5}},"line":123},"18":{"name":"(anonymous_18)","decl":{"start":{"line":132,"column":2},"end":{"line":132,"column":3}},"loc":{"start":{"line":132,"column":43},"end":{"line":151,"column":3}},"line":132},"19":{"name":"(anonymous_19)","decl":{"start":{"line":134,"column":55},"end":{"line":134,"column":56}},"loc":{"start":{"line":134,"column":60},"end":{"line":134,"column":74}},"line":134},"20":{"name":"(anonymous_20)","decl":{"start":{"line":137,"column":17},"end":{"line":137,"column":18}},"loc":{"start":{"line":137,"column":24},"end":{"line":144,"column":5}},"line":137}},"branchMap":{"0":{"loc":{"start":{"line":45,"column":4},"end":{"line":47,"column":5}},"type":"if","locations":[{"start":{"line":45,"column":4},"end":{"line":47,"column":5}},{"start":{"line":45,"column":4},"end":{"line":47,"column":5}}],"line":45},"1":{"loc":{"start":{"line":77,"column":10},"end":{"line":92,"column":11}},"type":"if","locations":[{"start":{"line":77,"column":10},"end":{"line":92,"column":11}},{"start":{"line":77,"column":10},"end":{"line":92,"column":11}}],"line":77},"2":{"loc":{"start":{"line":96,"column":8},"end":{"line":100,"column":9}},"type":"if","locations":[{"start":{"line":96,"column":8},"end":{"line":100,"column":9}},{"start":{"line":96,"column":8},"end":{"line":100,"column":9}}],"line":96},"3":{"loc":{"start":{"line":108,"column":6},"end":{"line":110,"column":7}},"type":"if","locations":[{"start":{"line":108,"column":6},"end":{"line":110,"column":7}},{"start":{"line":108,"column":6},"end":{"line":110,"column":7}}],"line":108},"4":{"loc":{"start":{"line":117,"column":4},"end":{"line":119,"column":5}},"type":"if","locations":[{"start":{"line":117,"column":4},"end":{"line":119,"column":5}},{"start":{"line":117,"column":4},"end":{"line":119,"column":5}}],"line":117},"5":{"loc":{"start":{"line":120,"column":4},"end":{"line":122,"column":5}},"type":"if","locations":[{"start":{"line":120,"column":4},"end":{"line":122,"column":5}},{"start":{"line":120,"column":4},"end":{"line":122,"column":5}}],"line":120},"6":{"loc":{"start":{"line":124,"column":6},"end":{"line":127,"column":7}},"type":"if","locations":[{"start":{"line":124,"column":6},"end":{"line":127,"column":7}},{"start":{"line":124,"column":6},"end":{"line":127,"column":7}}],"line":124},"7":{"loc":{"start":{"line":139,"column":6},"end":{"line":143,"column":7}},"type":"if","locations":[{"start":{"line":139,"column":6},"end":{"line":143,"column":7}},{"start":{"line":139,"column":6},"end":{"line":143,"column":7}}],"line":139}},"s":{"0":0,"1":0,"2":0,"3":0,"4":0,"5":0,"6":0,"7":0,"8":0,"9":0,"10":0,"11":0,"12":0,"13":0,"14":0,"15":0,"16":0,"17":0,"18":0,"19":0,"20":0,"21":0,"22":0,"23":0,"24":0,"25":0,"26":0,"27":0,"28":0,"29":0,"30":0,"31":0,"32":0,"33":0,"34":0,"35":0,"36":0,"37":0,"38":0,"39":0,"40":0,"41":0,"42":0,"43":0,"44":0,"45":0,"46":0,"47":0,"48":0,"49":0,"50":0,"51":0,"52":0,"53":0,"54":0,"55":0,"56":0,"57":0,"58":0,"59":0,"60":0,"61":0,"62":0,"63":0,"64":0,"65":0,"66":0,"67":0,"68":0,"69":0,"70":0,"71":0,"72":0,"73":0,"74":0,"75":0,"76":0,"77":0,"78":0},"f":{"0":0,"1":0,"2":0,"3":0,"4":0,"5":0,"6":0,"7":0,"8":0,"9":0,"10":0,"11":0,"12":0,"13":0,"14":0,"15":0,"16":0,"17":0,"18":0,"19":0,"20":0},"b":{"0":[0,0],"1":[0,0],"2":[0,0],"3":[0,0],"4":[0,0],"5":[0,0],"6":[0,0],"7":[0,0]}}
}
