{"/Users/pixari/Projects/personal/vue-i18n-extract/src/api.js": {"path":"/Users/pixari/Projects/personal/vue-i18n-extract/src/api.js","statementMap":{"0":{"start":{"line":1,"column":12},"end":{"line":1,"column":28}},"1":{"start":{"line":3,"column":0},"end":{"line":9,"column":1}},"2":{"start":{"line":5,"column":4},"end":{"line":7,"column":6}}},"fnMap":{"0":{"name":"(anonymous_0)","decl":{"start":{"line":4,"column":2},"end":{"line":4,"column":3}},"loc":{"start":{"line":4,"column":8},"end":{"line":8,"column":3}},"line":4}},"branchMap":{},"s":{"0":0,"1":0,"2":0},"f":{"0":0},"b":{}}
,"/Users/pixari/Projects/personal/vue-i18n-extract/src/lib.js": {"path":"/Users/pixari/Projects/personal/vue-i18n-extract/src/lib.js","statementMap":{"0":{"start":{"line":2,"column":0},"end":{"line":2,"column":33}},"1":{"start":{"line":5,"column":11},"end":{"line":5,"column":24}},"2":{"start":{"line":6,"column":13},"end":{"line":6,"column":28}},"3":{"start":{"line":7,"column":16},"end":{"line":7,"column":40}},"4":{"start":{"line":8,"column":14},"end":{"line":8,"column":30}},"5":{"start":{"line":9,"column":12},"end":{"line":9,"column":33}},"6":{"start":{"line":10,"column":14},"end":{"line":10,"column":30}},"7":{"start":{"line":11,"column":14},"end":{"line":11,"column":36}},"8":{"start":{"line":12,"column":18},"end":{"line":12,"column":41}},"9":{"start":{"line":13,"column":18},"end":{"line":13,"column":45}},"10":{"start":{"line":14,"column":17},"end":{"line":14,"column":37}},"11":{"start":{"line":15,"column":14},"end":{"line":15,"column":30}},"12":{"start":{"line":16,"column":14},"end":{"line":16,"column":35}},"13":{"start":{"line":18,"column":0},"end":{"line":137,"column":2}},"14":{"start":{"line":20,"column":18},"end":{"line":29,"column":6}},"15":{"start":{"line":31,"column":21},"end":{"line":31,"column":57}},"16":{"start":{"line":33,"column":16},"end":{"line":33,"column":17}},"17":{"start":{"line":34,"column":4},"end":{"line":37,"column":7}},"18":{"start":{"line":35,"column":6},"end":{"line":35,"column":39}},"19":{"start":{"line":36,"column":6},"end":{"line":36,"column":17}},"20":{"start":{"line":39,"column":4},"end":{"line":39,"column":34}},"21":{"start":{"line":44,"column":24},"end":{"line":44,"column":38}},"22":{"start":{"line":45,"column":4},"end":{"line":45,"column":101}},"23":{"start":{"line":45,"column":32},"end":{"line":45,"column":99}},"24":{"start":{"line":49,"column":4},"end":{"line":55,"column":11}},"25":{"start":{"line":50,"column":6},"end":{"line":52,"column":7}},"26":{"start":{"line":51,"column":8},"end":{"line":51,"column":49}},"27":{"start":{"line":53,"column":19},"end":{"line":53,"column":49}},"28":{"start":{"line":54,"column":6},"end":{"line":54,"column":39}},"29":{"start":{"line":59,"column":4},"end":{"line":61,"column":5}},"30":{"start":{"line":60,"column":6},"end":{"line":60,"column":17}},"31":{"start":{"line":62,"column":4},"end":{"line":64,"column":5}},"32":{"start":{"line":63,"column":6},"end":{"line":63,"column":21}},"33":{"start":{"line":65,"column":4},"end":{"line":71,"column":11}},"34":{"start":{"line":66,"column":6},"end":{"line":69,"column":7}},"35":{"start":{"line":67,"column":25},"end":{"line":67,"column":55}},"36":{"start":{"line":68,"column":8},"end":{"line":68,"column":37}},"37":{"start":{"line":70,"column":6},"end":{"line":70,"column":39}},"38":{"start":{"line":75,"column":33},"end":{"line":75,"column":45}},"39":{"start":{"line":76,"column":19},"end":{"line":76,"column":73}},"40":{"start":{"line":77,"column":17},"end":{"line":77,"column":70}},"41":{"start":{"line":77,"column":55},"end":{"line":77,"column":69}},"42":{"start":{"line":79,"column":25},"end":{"line":79,"column":27}},"43":{"start":{"line":80,"column":4},"end":{"line":87,"column":7}},"44":{"start":{"line":81,"column":19},"end":{"line":81,"column":50}},"45":{"start":{"line":82,"column":6},"end":{"line":86,"column":7}},"46":{"start":{"line":83,"column":8},"end":{"line":83,"column":35}},"47":{"start":{"line":85,"column":8},"end":{"line":85,"column":32}},"48":{"start":{"line":88,"column":4},"end":{"line":93,"column":6}},"49":{"start":{"line":97,"column":24},"end":{"line":97,"column":38}},"50":{"start":{"line":99,"column":4},"end":{"line":99,"column":85}},"51":{"start":{"line":99,"column":32},"end":{"line":99,"column":83}},"52":{"start":{"line":104,"column":20},"end":{"line":104,"column":22}},"53":{"start":{"line":105,"column":4},"end":{"line":127,"column":7}},"54":{"start":{"line":106,"column":6},"end":{"line":126,"column":9}},"55":{"start":{"line":107,"column":8},"end":{"line":118,"column":11}},"56":{"start":{"line":108,"column":10},"end":{"line":116,"column":11}},"57":{"start":{"line":109,"column":12},"end":{"line":115,"column":15}},"58":{"start":{"line":110,"column":14},"end":{"line":114,"column":17}},"59":{"start":{"line":117,"column":10},"end":{"line":117,"column":21}},"60":{"start":{"line":120,"column":8},"end":{"line":124,"column":9}},"61":{"start":{"line":122,"column":10},"end":{"line":122,"column":27}},"62":{"start":{"line":125,"column":8},"end":{"line":125,"column":25}},"63":{"start":{"line":131,"column":16},"end":{"line":131,"column":18}},"64":{"start":{"line":132,"column":4},"end":{"line":134,"column":7}},"65":{"start":{"line":133,"column":6},"end":{"line":133,"column":29}},"66":{"start":{"line":135,"column":4},"end":{"line":135,"column":27}}},"fnMap":{"0":{"name":"(anonymous_0)","decl":{"start":{"line":19,"column":2},"end":{"line":19,"column":3}},"loc":{"start":{"line":19,"column":21},"end":{"line":41,"column":3}},"line":19},"1":{"name":"(anonymous_1)","decl":{"start":{"line":34,"column":24},"end":{"line":34,"column":25}},"loc":{"start":{"line":34,"column":31},"end":{"line":37,"column":5}},"line":34},"2":{"name":"(anonymous_2)","decl":{"start":{"line":43,"column":2},"end":{"line":43,"column":3}},"loc":{"start":{"line":43,"column":23},"end":{"line":46,"column":3}},"line":43},"3":{"name":"(anonymous_3)","decl":{"start":{"line":45,"column":27},"end":{"line":45,"column":28}},"loc":{"start":{"line":45,"column":32},"end":{"line":45,"column":99}},"line":45},"4":{"name":"(anonymous_4)","decl":{"start":{"line":48,"column":2},"end":{"line":48,"column":3}},"loc":{"start":{"line":48,"column":16},"end":{"line":56,"column":3}},"line":48},"5":{"name":"(anonymous_5)","decl":{"start":{"line":49,"column":38},"end":{"line":49,"column":39}},"loc":{"start":{"line":49,"column":69},"end":{"line":55,"column":5}},"line":49},"6":{"name":"(anonymous_6)","decl":{"start":{"line":58,"column":2},"end":{"line":58,"column":3}},"loc":{"start":{"line":58,"column":31},"end":{"line":72,"column":3}},"line":58},"7":{"name":"(anonymous_7)","decl":{"start":{"line":65,"column":42},"end":{"line":65,"column":43}},"loc":{"start":{"line":65,"column":65},"end":{"line":71,"column":5}},"line":65},"8":{"name":"(anonymous_8)","decl":{"start":{"line":74,"column":2},"end":{"line":74,"column":3}},"loc":{"start":{"line":74,"column":43},"end":{"line":94,"column":3}},"line":74},"9":{"name":"(anonymous_9)","decl":{"start":{"line":77,"column":50},"end":{"line":77,"column":51}},"loc":{"start":{"line":77,"column":55},"end":{"line":77,"column":69}},"line":77},"10":{"name":"(anonymous_10)","decl":{"start":{"line":80,"column":17},"end":{"line":80,"column":18}},"loc":{"start":{"line":80,"column":24},"end":{"line":87,"column":5}},"line":80},"11":{"name":"(anonymous_11)","decl":{"start":{"line":96,"column":2},"end":{"line":96,"column":3}},"loc":{"start":{"line":96,"column":22},"end":{"line":101,"column":3}},"line":96},"12":{"name":"(anonymous_12)","decl":{"start":{"line":99,"column":27},"end":{"line":99,"column":28}},"loc":{"start":{"line":99,"column":32},"end":{"line":99,"column":83}},"line":99},"13":{"name":"(anonymous_13)","decl":{"start":{"line":103,"column":2},"end":{"line":103,"column":3}},"loc":{"start":{"line":103,"column":25},"end":{"line":128,"column":3}},"line":103},"14":{"name":"(anonymous_14)","decl":{"start":{"line":105,"column":23},"end":{"line":105,"column":24}},"loc":{"start":{"line":105,"column":36},"end":{"line":127,"column":5}},"line":105},"15":{"name":"(anonymous_15)","decl":{"start":{"line":106,"column":34},"end":{"line":106,"column":35}},"loc":{"start":{"line":106,"column":54},"end":{"line":119,"column":7}},"line":106},"16":{"name":"(anonymous_16)","decl":{"start":{"line":107,"column":63},"end":{"line":107,"column":64}},"loc":{"start":{"line":107,"column":72},"end":{"line":118,"column":9}},"line":107},"17":{"name":"(anonymous_17)","decl":{"start":{"line":109,"column":24},"end":{"line":109,"column":25}},"loc":{"start":{"line":109,"column":31},"end":{"line":115,"column":13}},"line":109},"18":{"name":"(anonymous_18)","decl":{"start":{"line":119,"column":9},"end":{"line":119,"column":10}},"loc":{"start":{"line":119,"column":18},"end":{"line":126,"column":7}},"line":119},"19":{"name":"(anonymous_19)","decl":{"start":{"line":130,"column":2},"end":{"line":130,"column":3}},"loc":{"start":{"line":130,"column":20},"end":{"line":136,"column":3}},"line":130},"20":{"name":"(anonymous_20)","decl":{"start":{"line":132,"column":20},"end":{"line":132,"column":21}},"loc":{"start":{"line":132,"column":28},"end":{"line":134,"column":5}},"line":132}},"branchMap":{"0":{"loc":{"start":{"line":50,"column":6},"end":{"line":52,"column":7}},"type":"if","locations":[{"start":{"line":50,"column":6},"end":{"line":52,"column":7}},{"start":{"line":50,"column":6},"end":{"line":52,"column":7}}],"line":50},"1":{"loc":{"start":{"line":59,"column":4},"end":{"line":61,"column":5}},"type":"if","locations":[{"start":{"line":59,"column":4},"end":{"line":61,"column":5}},{"start":{"line":59,"column":4},"end":{"line":61,"column":5}}],"line":59},"2":{"loc":{"start":{"line":62,"column":4},"end":{"line":64,"column":5}},"type":"if","locations":[{"start":{"line":62,"column":4},"end":{"line":64,"column":5}},{"start":{"line":62,"column":4},"end":{"line":64,"column":5}}],"line":62},"3":{"loc":{"start":{"line":66,"column":6},"end":{"line":69,"column":7}},"type":"if","locations":[{"start":{"line":66,"column":6},"end":{"line":69,"column":7}},{"start":{"line":66,"column":6},"end":{"line":69,"column":7}}],"line":66},"4":{"loc":{"start":{"line":82,"column":6},"end":{"line":86,"column":7}},"type":"if","locations":[{"start":{"line":82,"column":6},"end":{"line":86,"column":7}},{"start":{"line":82,"column":6},"end":{"line":86,"column":7}}],"line":82},"5":{"loc":{"start":{"line":108,"column":10},"end":{"line":116,"column":11}},"type":"if","locations":[{"start":{"line":108,"column":10},"end":{"line":116,"column":11}},{"start":{"line":108,"column":10},"end":{"line":116,"column":11}}],"line":108},"6":{"loc":{"start":{"line":120,"column":8},"end":{"line":124,"column":9}},"type":"if","locations":[{"start":{"line":120,"column":8},"end":{"line":124,"column":9}},{"start":{"line":120,"column":8},"end":{"line":124,"column":9}}],"line":120}},"s":{"0":0,"1":0,"2":0,"3":0,"4":0,"5":0,"6":0,"7":0,"8":0,"9":0,"10":0,"11":0,"12":0,"13":0,"14":0,"15":0,"16":0,"17":0,"18":0,"19":0,"20":0,"21":0,"22":0,"23":0,"24":0,"25":0,"26":0,"27":0,"28":0,"29":0,"30":0,"31":0,"32":0,"33":0,"34":0,"35":0,"36":0,"37":0,"38":0,"39":0,"40":0,"41":0,"42":0,"43":0,"44":0,"45":0,"46":0,"47":0,"48":0,"49":0,"50":0,"51":0,"52":0,"53":0,"54":0,"55":0,"56":0,"57":0,"58":0,"59":0,"60":0,"61":0,"62":0,"63":0,"64":0,"65":0,"66":0},"f":{"0":0,"1":0,"2":0,"3":0,"4":0,"5":0,"6":0,"7":0,"8":0,"9":0,"10":0,"11":0,"12":0,"13":0,"14":0,"15":0,"16":0,"17":0,"18":0,"19":0,"20":0},"b":{"0":[0,0],"1":[0,0],"2":[0,0],"3":[0,0],"4":[0,0],"5":[0,0],"6":[0,0]}}
,"/Users/pixari/Projects/personal/vue-i18n-extract/src/main.js": {"path":"/Users/pixari/Projects/personal/vue-i18n-extract/src/main.js","statementMap":{"0":{"start":{"line":2,"column":0},"end":{"line":2,"column":33}},"1":{"start":{"line":4,"column":17},"end":{"line":9,"column":32}},"2":{"start":{"line":11,"column":12},"end":{"line":11,"column":28}},"3":{"start":{"line":15,"column":30},"end":{"line":15,"column":34}},"4":{"start":{"line":17,"column":29},"end":{"line":17,"column":67}},"5":{"start":{"line":19,"column":18},"end":{"line":19,"column":59}},"6":{"start":{"line":21,"column":23},"end":{"line":21,"column":44}},"7":{"start":{"line":23,"column":20},"end":{"line":23,"column":60}},"8":{"start":{"line":25,"column":23},"end":{"line":25,"column":84}},"9":{"start":{"line":25,"column":42},"end":{"line":25,"column":83}},"10":{"start":{"line":27,"column":2},"end":{"line":27,"column":47}},"11":{"start":{"line":27,"column":28},"end":{"line":27,"column":45}},"12":{"start":{"line":30,"column":0},"end":{"line":30,"column":7}}},"fnMap":{"0":{"name":"main","decl":{"start":{"line":13,"column":15},"end":{"line":13,"column":19}},"loc":{"start":{"line":13,"column":22},"end":{"line":28,"column":1}},"line":13},"1":{"name":"(anonymous_1)","decl":{"start":{"line":25,"column":37},"end":{"line":25,"column":38}},"loc":{"start":{"line":25,"column":42},"end":{"line":25,"column":83}},"line":25},"2":{"name":"(anonymous_2)","decl":{"start":{"line":27,"column":23},"end":{"line":27,"column":24}},"loc":{"start":{"line":27,"column":28},"end":{"line":27,"column":45}},"line":27}},"branchMap":{},"s":{"0":0,"1":0,"2":0,"3":0,"4":0,"5":0,"6":0,"7":0,"8":0,"9":0,"10":0,"11":0,"12":0},"f":{"0":0,"1":0,"2":0},"b":{}}
}
